::1 - - [20/Jan/2022:16:24:28 +0000] "GET /mysql/ HTTP/1.1" 200 3055
::1 - - [20/Jan/2022:16:25:31 +0000] "GET / HTTP/1.1" 200 1598
::1 - - [20/Jan/2022:16:26:10 +0000] "GET / HTTP/1.1" 200 1598
::1 - - [20/Jan/2022:16:26:10 +0000] "GET /?getimg=title HTTP/1.1" 200 6119
::1 - - [20/Jan/2022:16:26:10 +0000] "GET /mysql/ HTTP/1.1" 200 3056
::1 - - [20/Jan/2022:16:26:10 +0000] "GET /?getimg=folder HTTP/1.1" 200 537
::1 - - [20/Jan/2022:16:26:10 +0000] "GET /mysql/js/codemirror/lib/codemirror.css?v=4.5.4.1 HTTP/1.1" 200 7771
::1 - - [20/Jan/2022:16:26:10 +0000] "GET /mysql/themes/pmahomme/jquery/jquery-ui-1.11.2.css HTTP/1.1" 200 35212
::1 - - [20/Jan/2022:16:26:10 +0000] "GET /mysql/js/codemirror/addon/hint/show-hint.css?v=4.5.4.1 HTTP/1.1" 200 662
::1 - - [20/Jan/2022:16:26:10 +0000] "GET /mysql/themes/pmahomme/css/printview.css?v=4.5.4.1 HTTP/1.1" 200 3082
::1 - - [20/Jan/2022:16:26:10 +0000] "GET /mysql/js/codemirror/addon/lint/lint.css?v=4.5.4.1 HTTP/1.1" 200 3068
::1 - - [20/Jan/2022:16:26:10 +0000] "GET /mysql/js/get_scripts.js.php?scripts%5B%5D=jquery/jquery-1.11.1.min.js&scripts%5B%5D=sprintf.js&scripts%5B%5D=ajax.js&scripts%5B%5D=keyhandler.js&scripts%5B%5D=jquery/jquery-ui-1.11.2.min.js&scripts%5B%5D=jquery/jquery.cookie.js&scripts%5B%5D=jquery/jquery.mousewheel.js&scripts%5B%5D=jquery/jquery.event.drag-2.2.js&scripts%5B%5D=jquery/jquery-ui-timepicker-addon.js&scripts%5B%5D=jquery/jquery.ba-hashchange-1.3.js&scripts%5B%5D=jquery/jquery.debounce-1.0.5.js&scripts%5B%5D=menu-resizer.js&scripts%5B%5D=cross_framing_protection.js&scripts%5B%5D=rte.js&scripts%5B%5D=tracekit/tracekit.js&scripts%5B%5D=error_report.js&scripts%5B%5D=doclinks.js&scripts%5B%5D=functions.js&scripts%5B%5D=navigation.js&scripts%5B%5D=indexes.js&v=4.5.4.1 HTTP/1.1" 200 216429
::1 - - [20/Jan/2022:16:26:11 +0000] "GET /?getimg=favicon HTTP/1.1" 200 5430
::1 - - [20/Jan/2022:16:26:10 +0000] "GET /mysql/js/whitelist.php?lang=en&db=&collation_connection=utf8_unicode_ci&token=e7e530ad3ffa855f3f08830d8114138e&v=4.5.4.1 HTTP/1.1" 200 482
::1 - - [20/Jan/2022:16:26:10 +0000] "GET /mysql/js/get_scripts.js.php?scripts%5B%5D=common.js&scripts%5B%5D=config.js&scripts%5B%5D=page_settings.js&scripts%5B%5D=codemirror/lib/codemirror.js&scripts%5B%5D=codemirror/mode/sql/sql.js&scripts%5B%5D=codemirror/addon/runmode/runmode.js&scripts%5B%5D=codemirror/addon/hint/show-hint.js&scripts%5B%5D=codemirror/addon/hint/sql-hint.js&scripts%5B%5D=codemirror/addon/lint/lint.js&scripts%5B%5D=codemirror/addon/lint/sql-lint.js&scripts%5B%5D=console.js&v=4.5.4.1 HTTP/1.1" 200 129440
::1 - - [20/Jan/2022:16:26:10 +0000] "GET /mysql/phpmyadmin.css.php?nocache=4363599557ltr HTTP/1.1" 200 20076
::1 - - [20/Jan/2022:16:26:10 +0000] "GET /mysql/js/get_image.js.php?theme=pmahomme&v=4.5.4.1 HTTP/1.1" 200 1822
::1 - - [20/Jan/2022:16:26:10 +0000] "GET /mysql/js/messages.php?lang=en&db=&collation_connection=utf8_unicode_ci&token=e7e530ad3ffa855f3f08830d8114138e&v=4.5.4.1 HTTP/1.1" 200 8431
::1 - - [20/Jan/2022:16:26:11 +0000] "GET /mysql/themes/pmahomme/img/logo_right.png HTTP/1.1" 200 4548
::1 - - [20/Jan/2022:16:26:11 +0000] "GET /mysql/themes/dot.gif HTTP/1.1" 200 43
::1 - - [20/Jan/2022:16:26:11 +0000] "GET /mysql/themes/pmahomme/img/sprites.png?v=4.5.4.1 HTTP/1.1" 200 46795
::1 - - [20/Jan/2022:16:26:11 +0000] "GET /mysql/favicon.ico HTTP/1.1" 200 22486
::1 - - [20/Jan/2022:16:26:14 +0000] "POST /mysql/index.php HTTP/1.1" 200 3079
::1 - - [20/Jan/2022:16:26:14 +0000] "GET /mysql/js/whitelist.php?lang=en&db=&token=e7e530ad3ffa855f3f08830d8114138e&v=4.5.4.1 HTTP/1.1" 200 482
::1 - - [20/Jan/2022:16:26:14 +0000] "GET /mysql/js/messages.php?lang=en&db=&token=e7e530ad3ffa855f3f08830d8114138e&v=4.5.4.1 HTTP/1.1" 200 8431
::1 - - [20/Jan/2022:16:26:28 +0000] "POST /mysql/index.php HTTP/1.1" 302 25
::1 - - [20/Jan/2022:16:26:28 +0000] "GET /mysql/index.php?token=e7e530ad3ffa855f3f08830d8114138e HTTP/1.1" 200 12626
::1 - - [20/Jan/2022:16:26:29 +0000] "GET /mysql/themes/pmahomme/img/logo_left.png HTTP/1.1" 200 2327
::1 - - [20/Jan/2022:16:26:29 +0000] "GET /mysql/themes/pmahomme/img/ajax_clock_small.gif HTTP/1.1" 200 1810
::1 - - [20/Jan/2022:16:26:29 +0000] "GET /mysql/themes/pmahomme/img/s_collapseall.png HTTP/1.1" 200 170
::1 - - [20/Jan/2022:16:26:29 +0000] "GET /mysql/phpmyadmin.css.php?nocache=6006295546ltr HTTP/1.1" 200 20076
::1 - - [20/Jan/2022:16:26:29 +0000] "GET /mysql/themes/pmahomme/img/left_nav_bg.png HTTP/1.1" 200 297
::1 - - [20/Jan/2022:16:26:29 +0000] "POST /mysql/db_structure.php?ajax_request=1&favorite_table=1&sync_favorite_tables=1&token=e7e530ad3ffa855f3f08830d8114138e HTTP/1.1" 200 143
::1 - - [20/Jan/2022:16:26:29 +0000] "GET /mysql/version_check.php?server=1&_nocache=1642695989619738157 HTTP/1.1" 200 39
::1 - - [20/Jan/2022:16:30:01 +0000] "GET / HTTP/1.1" 302 -
::1 - - [20/Jan/2022:16:30:05 +0000] "GET /mysql/ HTTP/1.1" 200 12452
::1 - - [20/Jan/2022:16:30:06 +0000] "POST /mysql/db_structure.php?ajax_request=1&favorite_table=1&sync_favorite_tables=1&token=e7e530ad3ffa855f3f08830d8114138e HTTP/1.1" 200 143
::1 - - [20/Jan/2022:16:30:06 +0000] "GET /mysql/version_check.php?server=1&_nocache=1642696206215644294 HTTP/1.1" 200 39
::1 - - [20/Jan/2022:16:30:01 +0000] "GET /wp-admin/setup-config.php HTTP/1.1" 200 2712
::1 - - [20/Jan/2022:16:30:06 +0000] "GET /wp-includes/css/buttons.min.css?ver=5.8.3 HTTP/1.1" 200 5854
::1 - - [20/Jan/2022:16:30:06 +0000] "GET /wp-admin/css/forms.min.css?ver=5.8.3 HTTP/1.1" 200 25361
::1 - - [20/Jan/2022:16:30:06 +0000] "GET /wp-admin/css/l10n.min.css?ver=5.8.3 HTTP/1.1" 200 2477
::1 - - [20/Jan/2022:16:30:06 +0000] "GET /wp-includes/css/dashicons.min.css?ver=5.8.3 HTTP/1.1" 200 59016
::1 - - [20/Jan/2022:16:30:06 +0000] "GET /wp-admin/js/language-chooser.min.js?ver=5.8.3 HTTP/1.1" 200 423
::1 - - [20/Jan/2022:16:30:06 +0000] "GET /wp-admin/css/install.min.css?ver=5.8.3 HTTP/1.1" 200 4963
::1 - - [20/Jan/2022:16:30:06 +0000] "GET /wp-includes/js/jquery/jquery-migrate.min.js?ver=3.3.2 HTTP/1.1" 200 11224
::1 - - [20/Jan/2022:16:30:06 +0000] "GET /wp-includes/js/jquery/jquery.min.js?ver=3.6.0 HTTP/1.1" 200 89521
::1 - - [20/Jan/2022:16:30:06 +0000] "GET /wp-admin/images/wordpress-logo.svg?ver=20131107 HTTP/1.1" 200 1521
::1 - - [20/Jan/2022:16:30:06 +0000] "GET /favicon.ico HTTP/1.1" 404 308
::1 - - [20/Jan/2022:16:30:07 +0000] "GET /wp-admin/setup-config.php?step=1&language=en_GB HTTP/1.1" 200 3333
::1 - - [20/Jan/2022:16:30:30 +0000] "GET /mysql/ HTTP/1.1" 200 12452
::1 - - [20/Jan/2022:16:30:30 +0000] "POST /mysql/db_structure.php?ajax_request=1&favorite_table=1&sync_favorite_tables=1&token=e7e530ad3ffa855f3f08830d8114138e HTTP/1.1" 200 143
::1 - - [20/Jan/2022:16:30:30 +0000] "GET /mysql/version_check.php?server=1&_nocache=1642696230484642998 HTTP/1.1" 200 39
::1 - - [20/Jan/2022:16:30:30 +0000] "POST /mysql/navigation.php?ajax_request=1&token=e7e530ad3ffa855f3f08830d8114138e HTTP/1.1" 200 2002
::1 - - [20/Jan/2022:16:30:30 +0000] "POST /wp-admin/setup-config.php?step=2 HTTP/1.1" 500 3461
::1 - - [20/Jan/2022:16:30:33 +0000] "GET /mysql/server_databases.php?server=1&token=e7e530ad3ffa855f3f08830d8114138e&ajax_request=true&ajax_page_request=true&_nocache=1642696233759339243 HTTP/1.1" 200 5577
::1 - - [20/Jan/2022:16:30:33 +0000] "GET /mysql/themes/pmahomme/img/arrow_ltr.png HTTP/1.1" 200 139
::1 - - [20/Jan/2022:16:30:33 +0000] "GET /mysql/js/get_scripts.js.php?scripts%5B%5D=server_databases.js&call_done=1&v=4.5.4.1 HTTP/1.1" 200 1707
::1 - - [20/Jan/2022:16:30:33 +0000] "POST /mysql/navigation.php?ajax_request=1&token=e7e530ad3ffa855f3f08830d8114138e HTTP/1.1" 200 2002
::1 - - [20/Jan/2022:16:30:35 +0000] "POST /mysql/db_create.php HTTP/1.1" 200 1937
::1 - - [20/Jan/2022:16:30:35 +0000] "GET /mysql/db_structure.php?db=project9927&token=e7e530ad3ffa855f3f08830d8114138e&db=project9927&ajax_request=true&ajax_page_request=true&_nocache=1642696235413453634 HTTP/1.1" 200 2679
::1 - - [20/Jan/2022:16:30:35 +0000] "POST /mysql/navigation.php?ajax_request=1&token=e7e530ad3ffa855f3f08830d8114138e HTTP/1.1" 200 2046
::1 - - [20/Jan/2022:16:30:35 +0000] "GET /mysql/js/get_scripts.js.php?scripts%5B%5D=db_structure.js&scripts%5B%5D=tbl_change.js&call_done=1&v=4.5.4.1 HTTP/1.1" 200 10265
::1 - - [20/Jan/2022:16:30:35 +0000] "GET /mysql/navigation.php?ajax_request=1&token=e7e530ad3ffa855f3f08830d8114138e&aPath=cm9vdA%3D%3D.cHJvamVjdDk5Mjc%3D&vPath=cm9vdA%3D%3D.cHJvamVjdDk5Mjc%3D&pos=0&pos2_name=&pos2_value=&searchClause=&searchClause2=&_nocache=1642696235632714858 HTTP/1.1" 200 1353
::1 - - [20/Jan/2022:16:30:39 +0000] "POST /wp-admin/setup-config.php?step=2 HTTP/1.1" 200 1785
::1 - - [20/Jan/2022:16:30:44 +0000] "GET /wp-admin/install.php?language=en_GB HTTP/1.1" 200 8608
::1 - - [20/Jan/2022:16:30:44 +0000] "GET /wp-admin/js/password-strength-meter.min.js?ver=5.8.3 HTTP/1.1" 200 1123
::1 - - [20/Jan/2022:16:30:44 +0000] "GET /wp-includes/js/dist/vendor/regenerator-runtime.min.js?ver=0.13.7 HTTP/1.1" 200 6406
::1 - - [20/Jan/2022:16:30:44 +0000] "GET /wp-includes/js/dist/vendor/wp-polyfill.min.js?ver=3.15.0 HTTP/1.1" 200 16470
::1 - - [20/Jan/2022:16:30:44 +0000] "GET /wp-includes/js/dist/hooks.min.js?ver=a7edae857aab69d69fa10d5aef23a5de HTTP/1.1" 200 5440
::1 - - [20/Jan/2022:16:30:44 +0000] "GET /wp-includes/js/dist/i18n.min.js?ver=5f1269854226b4dd90450db411a12b79 HTTP/1.1" 200 9866
::1 - - [20/Jan/2022:16:30:44 +0000] "GET /wp-admin/js/user-profile.min.js?ver=5.8.3 HTTP/1.1" 200 6080
::1 - - [20/Jan/2022:16:30:44 +0000] "GET /wp-includes/js/zxcvbn-async.min.js?ver=1.0 HTTP/1.1" 200 351
::1 - - [20/Jan/2022:16:30:44 +0000] "GET /wp-includes/js/underscore.min.js?ver=1.13.1 HTTP/1.1" 200 19076
::1 - - [20/Jan/2022:16:30:44 +0000] "GET /wp-includes/js/wp-util.min.js?ver=5.8.3 HTTP/1.1" 200 1340
::1 - - [20/Jan/2022:16:30:44 +0000] "GET /wp-includes/js/zxcvbn.min.js HTTP/1.1" 200 822237
::1 - - [20/Jan/2022:16:31:04 +0000] "POST /wp-admin/install.php?step=2 HTTP/1.1" 200 5697
::1 - - [20/Jan/2022:16:31:17 +0000] "GET /wp-login.php HTTP/1.1" 200 6921
::1 - - [20/Jan/2022:16:31:18 +0000] "GET /wp-admin/css/login.min.css?ver=5.8.3 HTTP/1.1" 200 5716
::1 - - [20/Jan/2022:16:31:59 +0000] "GET /2022/01/20/hello-world/ HTTP/1.1" 404 320
::1 - - [20/Jan/2022:16:31:59 +0000] "POST /wp-login.php HTTP/1.1" 302 -
::1 - - [20/Jan/2022:16:31:59 +0000] "GET /index.php/2022/01/20/hello-world/ HTTP/1.1" 301 -
::1 - - [20/Jan/2022:16:31:59 +0000] "GET / HTTP/1.1" 200 10996
::1 - - [20/Jan/2022:16:31:59 +0000] "POST /wp-cron.php?doing_wp_cron=1642696278.1898849010467529296875 HTTP/1.1" 200 -
::1 - - [20/Jan/2022:16:32:03 +0000] "GET /wp-includes/js/thickbox/thickbox.css?ver=5.8.3 HTTP/1.1" 200 2659
::1 - - [20/Jan/2022:16:32:03 +0000] "GET /wp-admin/load-scripts.php?c=0&load%5Bchunk_0%5D=jquery-core,jquery-migrate,utils&ver=5.8.3 HTTP/1.1" 200 102612
::1 - - [20/Jan/2022:16:32:03 +0000] "GET /wp-admin/load-styles.php?c=0&dir=ltr&load%5Bchunk_0%5D=dashicons,admin-bar,site-health,common,forms,admin-menu,dashboard,list-tables,edit,revisions,media,themes,about,nav-menus,wp-poi&load%5Bchunk_1%5D=nter,widgets,site-icon,l10n,buttons,wp-auth-check&ver=5.8.3 HTTP/1.1" 200 386721
::1 - - [20/Jan/2022:16:32:03 +0000] "GET /mysql/db_structure.php?server=1&db=project9927&token=e7e530ad3ffa855f3f08830d8114138e&ajax_request=true&ajax_page_request=true&_nocache=1642696323165957457 HTTP/1.1" 200 6276
::1 - - [20/Jan/2022:16:32:03 +0000] "GET /wp-includes/css/editor.min.css?ver=5.8.3 HTTP/1.1" 200 27188
::1 - - [20/Jan/2022:16:31:59 +0000] "GET /wp-admin/ HTTP/1.1" 200 79573
::1 - - [20/Jan/2022:16:32:03 +0000] "GET /wp-admin/js/common.min.js?ver=5.8.3 HTTP/1.1" 200 20037
::1 - - [20/Jan/2022:16:32:03 +0000] "GET /wp-admin/load-scripts.php?c=0&load%5Bchunk_0%5D=hoverIntent,regenerator-runtime,wp-polyfill,wp-hooks&ver=5.8.3 HTTP/1.1" 200 29800
::1 - - [20/Jan/2022:16:32:03 +0000] "GET /wp-includes/js/hoverintent-js.min.js?ver=2.2.1 HTTP/1.1" 200 1718
::1 - - [20/Jan/2022:16:32:03 +0000] "GET /wp-includes/js/dist/dom-ready.min.js?ver=71883072590656bf22c74c7b887df3dd HTTP/1.1" 200 1257
::1 - - [20/Jan/2022:16:32:03 +0000] "GET /wp-includes/js/admin-bar.min.js?ver=5.8.3 HTTP/1.1" 200 3556
::1 - - [20/Jan/2022:16:32:03 +0000] "GET /wp-includes/js/clipboard.min.js?ver=5.8.3 HTTP/1.1" 200 10607
::1 - - [20/Jan/2022:16:32:03 +0000] "GET /wp-includes/js/api-request.min.js?ver=5.8.3 HTTP/1.1" 200 1025
::1 - - [20/Jan/2022:16:32:03 +0000] "GET /wp-includes/js/dist/a11y.min.js?ver=0ac8327cc1c40dcfdf29716affd7ac63 HTTP/1.1" 200 3009
::1 - - [20/Jan/2022:16:32:03 +0000] "GET /wp-admin/js/site-health.min.js?ver=5.8.3 HTTP/1.1" 200 6142
::1 - - [20/Jan/2022:16:32:03 +0000] "GET /wp-includes/js/dist/url.min.js?ver=d4bdf85a96aa587b52f4b8d58b4457c1 HTTP/1.1" 200 5002
::1 - - [20/Jan/2022:16:32:03 +0000] "GET /wp-includes/js/wp-ajax-response.min.js?ver=5.8.3 HTTP/1.1" 200 2082
::1 - - [20/Jan/2022:16:32:03 +0000] "GET /wp-includes/js/dist/vendor/lodash.min.js?ver=4.17.19 HTTP/1.1" 200 73015
::1 - - [20/Jan/2022:16:32:03 +0000] "GET /wp-includes/js/jquery/jquery.color.min.js?ver=2.1.2 HTTP/1.1" 200 9315
::1 - - [20/Jan/2022:16:32:03 +0000] "GET /wp-includes/js/wp-lists.min.js?ver=5.8.3 HTTP/1.1" 200 7442
::1 - - [20/Jan/2022:16:32:03 +0000] "GET /wp-includes/js/jquery/jquery.query.js?ver=2.1.7 HTTP/1.1" 200 3785
::1 - - [20/Jan/2022:16:32:03 +0000] "GET /wp-includes/js/quicktags.min.js?ver=5.8.3 HTTP/1.1" 200 11133
::1 - - [20/Jan/2022:16:32:03 +0000] "GET /wp-includes/js/jquery/ui/mouse.min.js?ver=1.12.1 HTTP/1.1" 200 3380
::1 - - [20/Jan/2022:16:32:03 +0000] "GET /wp-admin/js/edit-comments.min.js?ver=5.8.3 HTTP/1.1" 200 15268
::1 - - [20/Jan/2022:16:32:03 +0000] "GET /wp-includes/js/jquery/ui/core.min.js?ver=1.12.1 HTTP/1.1" 200 20787
::1 - - [20/Jan/2022:16:32:03 +0000] "GET /wp-admin/js/postbox.min.js?ver=5.8.3 HTTP/1.1" 200 6713
::1 - - [20/Jan/2022:16:32:03 +0000] "GET /wp-includes/js/jquery/ui/sortable.min.js?ver=1.12.1 HTTP/1.1" 200 24782
::1 - - [20/Jan/2022:16:32:03 +0000] "GET /wp-admin/js/dashboard.min.js?ver=5.8.3 HTTP/1.1" 200 8797
::1 - - [20/Jan/2022:16:32:03 +0000] "POST /mysql/navigation.php?ajax_request=1&token=e7e530ad3ffa855f3f08830d8114138e HTTP/1.1" 200 2785
::1 - - [20/Jan/2022:16:32:03 +0000] "GET /wp-includes/js/dist/vendor/moment.min.js?ver=2.29.1 HTTP/1.1" 200 58325
::1 - - [20/Jan/2022:16:32:03 +0000] "GET /wp-includes/js/dist/date.min.js?ver=061439ac4325ef057b8f9c142c82a823 HTTP/1.1" 200 203411
::1 - - [20/Jan/2022:16:32:03 +0000] "GET /wp-includes/js/thickbox/thickbox.js?ver=3.1-20121105 HTTP/1.1" 200 13194
::1 - - [20/Jan/2022:16:32:03 +0000] "GET /wp-admin/js/plugin-install.min.js?ver=5.8.3 HTTP/1.1" 200 2403
::1 - - [20/Jan/2022:16:32:03 +0000] "GET /wp-includes/js/wp-sanitize.min.js?ver=5.8.3 HTTP/1.1" 200 458
::1 - - [20/Jan/2022:16:32:03 +0000] "GET /wp-includes/js/shortcode.min.js?ver=5.8.3 HTTP/1.1" 200 2650
::1 - - [20/Jan/2022:16:32:03 +0000] "GET /wp-admin/js/media-upload.min.js?ver=5.8.3 HTTP/1.1" 200 1152
::1 - - [20/Jan/2022:16:32:03 +0000] "GET /wp-admin/js/updates.min.js?ver=5.8.3 HTTP/1.1" 200 41065
::1 - - [20/Jan/2022:16:32:03 +0000] "GET /wp-includes/js/heartbeat.min.js?ver=5.8.3 HTTP/1.1" 200 5877
::1 - - [20/Jan/2022:16:32:03 +0000] "GET /wp-admin/js/svg-painter.js?ver=5.8.3 HTTP/1.1" 200 5522
::1 - - [20/Jan/2022:16:32:03 +0000] "GET /wp-includes/js/wp-auth-check.min.js?ver=5.8.3 HTTP/1.1" 200 1658
::1 - - [20/Jan/2022:16:32:03 +0000] "GET /wp-includes/js/wplink.min.js?ver=5.8.3 HTTP/1.1" 200 11270
::1 - - [20/Jan/2022:16:32:03 +0000] "GET /wp-includes/js/jquery/ui/autocomplete.min.js?ver=1.12.1 HTTP/1.1" 200 8539
::1 - - [20/Jan/2022:16:32:03 +0000] "GET /wp-includes/js/jquery/ui/menu.min.js?ver=1.12.1 HTTP/1.1" 200 9531
::1 - - [20/Jan/2022:16:32:03 +0000] "GET /wp-includes/js/wp-emoji-release.min.js?ver=5.8.3 HTTP/1.1" 200 18181
::1 - - [20/Jan/2022:16:32:04 +0000] "GET /wp-includes/js/thickbox/loadingAnimation.gif HTTP/1.1" 200 15238
::1 - - [20/Jan/2022:16:32:03 +0000] "GET /wp-admin/admin-ajax.php?action=wp-compression-test&test=1&_ajax_nonce=dd7b0a1b6a&1642696323921 HTTP/1.1" 200 1114
::1 - - [20/Jan/2022:16:32:04 +0000] "GET /wp-admin/admin-ajax.php?action=wp-compression-test&test=2&_ajax_nonce=dd7b0a1b6a&1642696324571 HTTP/1.1" 200 572
::1 - - [20/Jan/2022:16:32:04 +0000] "POST /wp-admin/admin-ajax.php HTTP/1.1" 200 1475
::1 - - [20/Jan/2022:16:32:05 +0000] "GET /wp-admin/images/spinner.gif HTTP/1.1" 200 3656
::1 - - [20/Jan/2022:16:32:04 +0000] "POST /wp-cron.php?doing_wp_cron=1642696324.4845020771026611328125 HTTP/1.1" 200 -
::1 - - [20/Jan/2022:16:32:05 +0000] "GET /wp-admin/admin-ajax.php?action=wp-compression-test&test=yes&_ajax_nonce=dd7b0a1b6a&1642696325151 HTTP/1.1" 200 1
::1 - - [20/Jan/2022:16:32:04 +0000] "GET /wp-admin/admin-ajax.php?action=dashboard-widgets&widget=dashboard_primary&pagenow=dashboard HTTP/1.1" 200 1338
::1 - - [20/Jan/2022:16:35:05 +0000] "POST /wp-admin/admin-ajax.php HTTP/1.1" 200 47
::1 - - [20/Jan/2022:16:35:06 +0000] "POST /wp-cron.php?doing_wp_cron=1642696506.2354710102081298828125 HTTP/1.1" 200 -
::1 - - [20/Jan/2022:16:36:44 +0000] "GET / HTTP/1.1" 200 10979
::1 - - [20/Jan/2022:16:36:45 +0000] "GET /wp-content/themes/twentytwentyone/style.css?ver=1.4 HTTP/1.1" 200 156153
::1 - - [20/Jan/2022:16:36:45 +0000] "GET /wp-includes/css/dist/block-library/style.min.css?ver=5.8.3 HTTP/1.1" 200 80574
::1 - - [20/Jan/2022:16:36:45 +0000] "GET /wp-includes/js/wp-embed.min.js?ver=5.8.3 HTTP/1.1" 200 1426
::1 - - [20/Jan/2022:16:36:45 +0000] "GET /wp-content/themes/twentytwentyone/assets/js/responsive-embeds.js?ver=1.4 HTTP/1.1" 200 1127
::1 - - [20/Jan/2022:16:36:45 +0000] "GET /wp-content/themes/twentytwentyone/assets/css/print.css?ver=1.4 HTTP/1.1" 200 2897
::1 - - [20/Jan/2022:16:36:45 +0000] "GET /favicon.ico HTTP/1.1" 404 308
::1 - - [20/Jan/2022:16:36:48 +0000] "GET /wp-admin HTTP/1.1" 301 333
::1 - - [20/Jan/2022:16:36:48 +0000] "GET /wp-admin/ HTTP/1.1" 302 -
::1 - - [20/Jan/2022:16:36:49 +0000] "GET /wp-login.php?redirect_to=http%3A%2F%2Flocalhost%2Fwp-admin%2F&reauth=1 HTTP/1.1" 200 6921
::1 - - [20/Jan/2022:16:37:02 +0000] "POST /wp-login.php HTTP/1.1" 302 -
::1 - - [20/Jan/2022:16:37:03 +0000] "GET /wp-admin/load-scripts.php?c=1&load%5Bchunk_0%5D=jquery-core,jquery-migrate,utils&ver=5.8.3 HTTP/1.1" 200 102612
::1 - - [20/Jan/2022:16:37:03 +0000] "GET /wp-admin/load-styles.php?c=1&dir=ltr&load%5Bchunk_0%5D=dashicons,admin-bar,site-health,common,forms,admin-menu,dashboard,list-tables,edit,revisions,media,themes,about,nav-menus,wp-poi&load%5Bchunk_1%5D=nter,widgets,site-icon,l10n,buttons,wp-auth-check&ver=5.8.3 HTTP/1.1" 200 386721
::1 - - [20/Jan/2022:16:37:03 +0000] "GET /wp-admin/ HTTP/1.1" 200 79631
::1 - - [20/Jan/2022:16:37:03 +0000] "GET /wp-admin/load-scripts.php?c=1&load%5Bchunk_0%5D=hoverIntent,regenerator-runtime,wp-polyfill,wp-hooks&ver=5.8.3 HTTP/1.1" 200 29800
::1 - - [20/Jan/2022:16:37:03 +0000] "POST /wp-admin/admin-ajax.php HTTP/1.1" 200 1475
::1 - - [20/Jan/2022:16:37:06 +0000] "GET /wp-admin/load-styles.php?c=1&dir=ltr&load%5Bchunk_0%5D=dashicons,admin-bar,common,forms,admin-menu,dashboard,list-tables,edit,revisions,media,themes,about,nav-menus,wp-pointer,widgets&load%5Bchunk_1%5D=,site-icon,l10n,buttons&ver=5.8.3 HTTP/1.1" 200 379667
::1 - - [20/Jan/2022:16:37:05 +0000] "GET /wp-admin/update-core.php HTTP/1.1" 200 34106
::1 - - [20/Jan/2022:16:37:09 +0000] "POST /wp-admin/update-core.php?action=do-translation-upgrade HTTP/1.1" 200 33374
::1 - - [20/Jan/2022:16:37:13 +0000] "GET /wp-admin/update-core.php HTTP/1.1" 200 33425
::1 - - [20/Jan/2022:16:42:10 +0000] "GET /wp-includes/css/admin-bar.min.css?ver=5.8.3 HTTP/1.1" 200 19751
::1 - - [20/Jan/2022:16:42:08 +0000] "GET / HTTP/1.1" 200 17773
::1 - - [20/Jan/2022:16:42:11 +0000] "GET /favicon.ico HTTP/1.1" 404 308
::1 - - [20/Jan/2022:16:42:12 +0000] "GET /wp-admin/ HTTP/1.1" 200 79976
::1 - - [20/Jan/2022:16:42:14 +0000] "POST /wp-admin/admin-ajax.php HTTP/1.1" 200 1475
