[Thu Jan 20 16:24:06.331058 2022] [ssl:warn] [pid 16808:tid 624] AH01906: main-serveur:443:0 server certificate is a CA certificate (BasicConstraints: CA == TRUE !?)
[Thu Jan 20 16:24:06.332060 2022] [ssl:warn] [pid 16808:tid 624] AH01909: main-serveur:443:0 server certificate does NOT include an ID which matches the server name
[Thu Jan 20 16:24:06.443059 2022] [ssl:warn] [pid 16808:tid 624] AH01873: Init: Session Cache is not configured [hint: SSLSessionCache]
[Thu Jan 20 16:24:06.443059 2022] [ssl:warn] [pid 16808:tid 624] AH01906: main-serveur:443:0 server certificate is a CA certificate (BasicConstraints: CA == TRUE !?)
[Thu Jan 20 16:24:06.443059 2022] [ssl:warn] [pid 16808:tid 624] AH01909: main-serveur:443:0 server certificate does NOT include an ID which matches the server name
[Thu Jan 20 16:24:06.856059 2022] [mpm_winnt:notice] [pid 16808:tid 624] AH00455: Apache/2.4.18 (Win32) OpenSSL/1.0.2f PHP/5.6.18 configured -- resuming normal operations
[Thu Jan 20 16:24:06.856059 2022] [mpm_winnt:notice] [pid 16808:tid 624] AH00456: Server built: Jan 28 2016 09:58:25
[Thu Jan 20 16:24:06.856059 2022] [core:notice] [pid 16808:tid 624] AH00094: Command line: 'C:\\Users\\Nath\\Desktop\\Repos\\Project-9927\\frontend\\UwAmp\\bin\\apache\\bin\\httpd.exe -d C:/Users/Nath/Desktop/Repos/Project-9927/frontend/UwAmp/bin/apache -f C:\\Users\\Nath\\Desktop\\Repos\\Project-9927\\frontend\\UwAmp\\bin\\apache\\conf\\httpd.conf'
[Thu Jan 20 16:24:06.861059 2022] [mpm_winnt:notice] [pid 16808:tid 624] AH00418: Parent: Created child process 9148
[Thu Jan 20 16:24:07.734059 2022] [ssl:warn] [pid 9148:tid 652] AH01906: main-serveur:443:0 server certificate is a CA certificate (BasicConstraints: CA == TRUE !?)
[Thu Jan 20 16:24:07.735058 2022] [ssl:warn] [pid 9148:tid 652] AH01909: main-serveur:443:0 server certificate does NOT include an ID which matches the server name
[Thu Jan 20 16:24:07.834059 2022] [ssl:warn] [pid 9148:tid 652] AH01873: Init: Session Cache is not configured [hint: SSLSessionCache]
[Thu Jan 20 16:24:07.835058 2022] [ssl:warn] [pid 9148:tid 652] AH01906: main-serveur:443:0 server certificate is a CA certificate (BasicConstraints: CA == TRUE !?)
[Thu Jan 20 16:24:07.835058 2022] [ssl:warn] [pid 9148:tid 652] AH01909: main-serveur:443:0 server certificate does NOT include an ID which matches the server name
[Thu Jan 20 16:24:07.859059 2022] [mpm_winnt:notice] [pid 9148:tid 652] AH00354: Child: Starting 64 worker threads.
[Thu Jan 20 16:24:35.950522 2022] [mpm_winnt:crit] [pid 9148:tid 652] AH02538: Child: Parent process exited abruptly. Child process is ending
[Thu Jan 20 16:25:19.123983 2022] [ssl:warn] [pid 16776:tid 612] AH01906: main-serveur:443:0 server certificate is a CA certificate (BasicConstraints: CA == TRUE !?)
[Thu Jan 20 16:25:19.124983 2022] [ssl:warn] [pid 16776:tid 612] AH01909: main-serveur:443:0 server certificate does NOT include an ID which matches the server name
[Thu Jan 20 16:25:19.168982 2022] [core:warn] [pid 16776:tid 612] AH00098: pid file C:/Users/Nath/Desktop/Repos/Project-9927/frontend/UwAmp/bin/apache/logs/httpd.pid overwritten -- Unclean shutdown of previous Apache run?
[Thu Jan 20 16:25:19.251983 2022] [ssl:warn] [pid 16776:tid 612] AH01873: Init: Session Cache is not configured [hint: SSLSessionCache]
[Thu Jan 20 16:25:19.252983 2022] [ssl:warn] [pid 16776:tid 612] AH01906: main-serveur:443:0 server certificate is a CA certificate (BasicConstraints: CA == TRUE !?)
[Thu Jan 20 16:25:19.252983 2022] [ssl:warn] [pid 16776:tid 612] AH01909: main-serveur:443:0 server certificate does NOT include an ID which matches the server name
PHP Warning:  PHP Startup: Unable to load dynamic library 'curl' (tried: C:/Users/Nath/Desktop/Repos/Project-9927/frontend/UwAmp/bin/php/php-7.2.7/ext\\curl (The specified module could not be found.), C:/Users/Nath/Desktop/Repos/Project-9927/frontend/UwAmp/bin/php/php-7.2.7/ext\\php_curl.dll (The specified procedure could not be found.)) in Unknown on line 0
[Thu Jan 20 16:25:19.301983 2022] [mpm_winnt:notice] [pid 16776:tid 612] AH00455: Apache/2.4.18 (Win32) OpenSSL/1.0.2f PHP/7.2.7 configured -- resuming normal operations
[Thu Jan 20 16:25:19.301983 2022] [mpm_winnt:notice] [pid 16776:tid 612] AH00456: Server built: Jan 28 2016 09:58:25
[Thu Jan 20 16:25:19.301983 2022] [core:notice] [pid 16776:tid 612] AH00094: Command line: 'C:\\Users\\Nath\\Desktop\\Repos\\Project-9927\\frontend\\UwAmp\\bin\\apache\\bin\\httpd.exe -d C:/Users/Nath/Desktop/Repos/Project-9927/frontend/UwAmp/bin/apache -f C:\\Users\\Nath\\Desktop\\Repos\\Project-9927\\frontend\\UwAmp\\bin\\apache\\conf\\httpd.conf'
[Thu Jan 20 16:25:19.306982 2022] [mpm_winnt:notice] [pid 16776:tid 612] AH00418: Parent: Created child process 4028
[Thu Jan 20 16:25:20.204983 2022] [ssl:warn] [pid 4028:tid 468] AH01906: main-serveur:443:0 server certificate is a CA certificate (BasicConstraints: CA == TRUE !?)
[Thu Jan 20 16:25:20.204983 2022] [ssl:warn] [pid 4028:tid 468] AH01909: main-serveur:443:0 server certificate does NOT include an ID which matches the server name
[Thu Jan 20 16:25:20.305984 2022] [ssl:warn] [pid 4028:tid 468] AH01873: Init: Session Cache is not configured [hint: SSLSessionCache]
[Thu Jan 20 16:25:20.305984 2022] [ssl:warn] [pid 4028:tid 468] AH01906: main-serveur:443:0 server certificate is a CA certificate (BasicConstraints: CA == TRUE !?)
[Thu Jan 20 16:25:20.305984 2022] [ssl:warn] [pid 4028:tid 468] AH01909: main-serveur:443:0 server certificate does NOT include an ID which matches the server name
PHP Warning:  PHP Startup: Unable to load dynamic library 'curl' (tried: C:/Users/Nath/Desktop/Repos/Project-9927/frontend/UwAmp/bin/php/php-7.2.7/ext\\curl (The specified module could not be found.), C:/Users/Nath/Desktop/Repos/Project-9927/frontend/UwAmp/bin/php/php-7.2.7/ext\\php_curl.dll (The specified procedure could not be found.)) in Unknown on line 0
[Thu Jan 20 16:25:20.324001 2022] [mpm_winnt:notice] [pid 4028:tid 468] AH00354: Child: Starting 64 worker threads.
[Thu Jan 20 16:25:33.350592 2022] [mpm_winnt:crit] [pid 4028:tid 468] AH02538: Child: Parent process exited abruptly. Child process is ending
[Thu Jan 20 16:25:49.095773 2022] [ssl:warn] [pid 2404:tid 636] AH01906: main-serveur:443:0 server certificate is a CA certificate (BasicConstraints: CA == TRUE !?)
[Thu Jan 20 16:25:49.096773 2022] [ssl:warn] [pid 2404:tid 636] AH01909: main-serveur:443:0 server certificate does NOT include an ID which matches the server name
[Thu Jan 20 16:25:49.127773 2022] [core:warn] [pid 2404:tid 636] AH00098: pid file C:/Users/Nath/Desktop/Repos/Project-9927/frontend/UwAmp/bin/apache/logs/httpd.pid overwritten -- Unclean shutdown of previous Apache run?
[Thu Jan 20 16:25:49.196773 2022] [ssl:warn] [pid 2404:tid 636] AH01873: Init: Session Cache is not configured [hint: SSLSessionCache]
[Thu Jan 20 16:25:49.196773 2022] [ssl:warn] [pid 2404:tid 636] AH01906: main-serveur:443:0 server certificate is a CA certificate (BasicConstraints: CA == TRUE !?)
[Thu Jan 20 16:25:49.196773 2022] [ssl:warn] [pid 2404:tid 636] AH01909: main-serveur:443:0 server certificate does NOT include an ID which matches the server name
PHP Warning:  PHP Startup: Unable to load dynamic library 'curl' (tried: C:/Users/Nath/Desktop/Repos/Project-9927/frontend/UwAmp/bin/php/php-7.2.7/ext\\curl (The specified module could not be found.), C:/Users/Nath/Desktop/Repos/Project-9927/frontend/UwAmp/bin/php/php-7.2.7/ext\\php_curl.dll (The specified procedure could not be found.)) in Unknown on line 0
[Thu Jan 20 16:25:49.211773 2022] [mpm_winnt:notice] [pid 2404:tid 636] AH00455: Apache/2.4.18 (Win32) OpenSSL/1.0.2f PHP/7.2.7 configured -- resuming normal operations
[Thu Jan 20 16:25:49.211773 2022] [mpm_winnt:notice] [pid 2404:tid 636] AH00456: Server built: Jan 28 2016 09:58:25
[Thu Jan 20 16:25:49.211773 2022] [core:notice] [pid 2404:tid 636] AH00094: Command line: 'C:\\Users\\Nath\\Desktop\\Repos\\Project-9927\\frontend\\UwAmp\\bin\\apache\\bin\\httpd.exe -d C:/Users/Nath/Desktop/Repos/Project-9927/frontend/UwAmp/bin/apache -f C:\\Users\\Nath\\Desktop\\Repos\\Project-9927\\frontend\\UwAmp\\bin\\apache\\conf\\httpd.conf'
[Thu Jan 20 16:25:49.215774 2022] [mpm_winnt:notice] [pid 2404:tid 636] AH00418: Parent: Created child process 6776
[Thu Jan 20 16:25:50.084792 2022] [ssl:warn] [pid 6776:tid 524] AH01906: main-serveur:443:0 server certificate is a CA certificate (BasicConstraints: CA == TRUE !?)
[Thu Jan 20 16:25:50.084792 2022] [ssl:warn] [pid 6776:tid 524] AH01909: main-serveur:443:0 server certificate does NOT include an ID which matches the server name
[Thu Jan 20 16:25:50.177792 2022] [ssl:warn] [pid 6776:tid 524] AH01873: Init: Session Cache is not configured [hint: SSLSessionCache]
[Thu Jan 20 16:25:50.177792 2022] [ssl:warn] [pid 6776:tid 524] AH01906: main-serveur:443:0 server certificate is a CA certificate (BasicConstraints: CA == TRUE !?)
[Thu Jan 20 16:25:50.177792 2022] [ssl:warn] [pid 6776:tid 524] AH01909: main-serveur:443:0 server certificate does NOT include an ID which matches the server name
PHP Warning:  PHP Startup: Unable to load dynamic library 'curl' (tried: C:/Users/Nath/Desktop/Repos/Project-9927/frontend/UwAmp/bin/php/php-7.2.7/ext\\curl (The specified module could not be found.), C:/Users/Nath/Desktop/Repos/Project-9927/frontend/UwAmp/bin/php/php-7.2.7/ext\\php_curl.dll (The specified procedure could not be found.)) in Unknown on line 0
[Thu Jan 20 16:25:50.194792 2022] [mpm_winnt:notice] [pid 6776:tid 524] AH00354: Child: Starting 64 worker threads.
[Thu Jan 20 16:25:52.101083 2022] [mpm_winnt:crit] [pid 6776:tid 524] AH02538: Child: Parent process exited abruptly. Child process is ending
[Thu Jan 20 16:26:00.147213 2022] [ssl:warn] [pid 1368:tid 600] AH01906: main-serveur:443:0 server certificate is a CA certificate (BasicConstraints: CA == TRUE !?)
[Thu Jan 20 16:26:00.148213 2022] [ssl:warn] [pid 1368:tid 600] AH01909: main-serveur:443:0 server certificate does NOT include an ID which matches the server name
[Thu Jan 20 16:26:00.175211 2022] [core:warn] [pid 1368:tid 600] AH00098: pid file C:/Users/Nath/Desktop/Repos/Project-9927/frontend/UwAmp/bin/apache/logs/httpd.pid overwritten -- Unclean shutdown of previous Apache run?
[Thu Jan 20 16:26:00.229229 2022] [ssl:warn] [pid 1368:tid 600] AH01873: Init: Session Cache is not configured [hint: SSLSessionCache]
[Thu Jan 20 16:26:00.230229 2022] [ssl:warn] [pid 1368:tid 600] AH01906: main-serveur:443:0 server certificate is a CA certificate (BasicConstraints: CA == TRUE !?)
[Thu Jan 20 16:26:00.230229 2022] [ssl:warn] [pid 1368:tid 600] AH01909: main-serveur:443:0 server certificate does NOT include an ID which matches the server name
PHP Warning:  PHP Startup: Unable to load dynamic library 'curl' (tried: C:/Users/Nath/Desktop/Repos/Project-9927/frontend/UwAmp/bin/php/php-7.2.7/ext\\curl (The specified module could not be found.), C:/Users/Nath/Desktop/Repos/Project-9927/frontend/UwAmp/bin/php/php-7.2.7/ext\\php_curl.dll (The specified procedure could not be found.)) in Unknown on line 0
[Thu Jan 20 16:26:00.243234 2022] [mpm_winnt:notice] [pid 1368:tid 600] AH00455: Apache/2.4.18 (Win32) OpenSSL/1.0.2f PHP/7.2.7 configured -- resuming normal operations
[Thu Jan 20 16:26:00.243234 2022] [mpm_winnt:notice] [pid 1368:tid 600] AH00456: Server built: Jan 28 2016 09:58:25
[Thu Jan 20 16:26:00.243234 2022] [core:notice] [pid 1368:tid 600] AH00094: Command line: 'C:\\Users\\Nath\\Desktop\\Repos\\Project-9927\\frontend\\UwAmp\\bin\\apache\\bin\\httpd.exe -d C:/Users/Nath/Desktop/Repos/Project-9927/frontend/UwAmp/bin/apache -f C:\\Users\\Nath\\Desktop\\Repos\\Project-9927\\frontend\\UwAmp\\bin\\apache\\conf\\httpd.conf'
[Thu Jan 20 16:26:00.248215 2022] [mpm_winnt:notice] [pid 1368:tid 600] AH00418: Parent: Created child process 15212
[Thu Jan 20 16:26:00.814213 2022] [ssl:warn] [pid 15212:tid 272] AH01906: main-serveur:443:0 server certificate is a CA certificate (BasicConstraints: CA == TRUE !?)
[Thu Jan 20 16:26:00.815215 2022] [ssl:warn] [pid 15212:tid 272] AH01909: main-serveur:443:0 server certificate does NOT include an ID which matches the server name
[Thu Jan 20 16:26:00.893212 2022] [ssl:warn] [pid 15212:tid 272] AH01873: Init: Session Cache is not configured [hint: SSLSessionCache]
[Thu Jan 20 16:26:00.893212 2022] [ssl:warn] [pid 15212:tid 272] AH01906: main-serveur:443:0 server certificate is a CA certificate (BasicConstraints: CA == TRUE !?)
[Thu Jan 20 16:26:00.893212 2022] [ssl:warn] [pid 15212:tid 272] AH01909: main-serveur:443:0 server certificate does NOT include an ID which matches the server name
PHP Warning:  PHP Startup: Unable to load dynamic library 'curl' (tried: C:/Users/Nath/Desktop/Repos/Project-9927/frontend/UwAmp/bin/php/php-7.2.7/ext\\curl (The specified module could not be found.), C:/Users/Nath/Desktop/Repos/Project-9927/frontend/UwAmp/bin/php/php-7.2.7/ext\\php_curl.dll (The specified procedure could not be found.)) in Unknown on line 0
[Thu Jan 20 16:26:00.907212 2022] [mpm_winnt:notice] [pid 15212:tid 272] AH00354: Child: Starting 64 worker threads.
[Thu Jan 20 16:26:38.243848 2022] [mpm_winnt:crit] [pid 15212:tid 272] AH02538: Child: Parent process exited abruptly. Child process is ending
[Thu Jan 20 16:29:54.414434 2022] [ssl:warn] [pid 15944:tid 480] AH01906: main-serveur:443:0 server certificate is a CA certificate (BasicConstraints: CA == TRUE !?)
[Thu Jan 20 16:29:54.414434 2022] [ssl:warn] [pid 15944:tid 480] AH01909: main-serveur:443:0 server certificate does NOT include an ID which matches the server name
[Thu Jan 20 16:29:54.450435 2022] [core:warn] [pid 15944:tid 480] AH00098: pid file C:/Users/Nath/Desktop/Repos/Project-9927/frontend/bin/apache/logs/httpd.pid overwritten -- Unclean shutdown of previous Apache run?
[Thu Jan 20 16:29:54.532435 2022] [ssl:warn] [pid 15944:tid 480] AH01873: Init: Session Cache is not configured [hint: SSLSessionCache]
[Thu Jan 20 16:29:54.532435 2022] [ssl:warn] [pid 15944:tid 480] AH01906: main-serveur:443:0 server certificate is a CA certificate (BasicConstraints: CA == TRUE !?)
[Thu Jan 20 16:29:54.532435 2022] [ssl:warn] [pid 15944:tid 480] AH01909: main-serveur:443:0 server certificate does NOT include an ID which matches the server name
PHP Warning:  PHP Startup: Unable to load dynamic library 'curl' (tried: C:/Users/Nath/Desktop/Repos/Project-9927/frontend/bin/php/php-7.2.7/ext\\curl (The specified module could not be found.), C:/Users/Nath/Desktop/Repos/Project-9927/frontend/bin/php/php-7.2.7/ext\\php_curl.dll (The specified procedure could not be found.)) in Unknown on line 0
[Thu Jan 20 16:29:54.554434 2022] [mpm_winnt:notice] [pid 15944:tid 480] AH00455: Apache/2.4.18 (Win32) OpenSSL/1.0.2f PHP/7.2.7 configured -- resuming normal operations
[Thu Jan 20 16:29:54.554434 2022] [mpm_winnt:notice] [pid 15944:tid 480] AH00456: Server built: Jan 28 2016 09:58:25
[Thu Jan 20 16:29:54.554434 2022] [core:notice] [pid 15944:tid 480] AH00094: Command line: 'C:\\Users\\Nath\\Desktop\\Repos\\Project-9927\\frontend\\bin\\apache\\bin\\httpd.exe -d C:/Users/Nath/Desktop/Repos/Project-9927/frontend/bin/apache -f C:\\Users\\Nath\\Desktop\\Repos\\Project-9927\\frontend\\bin\\apache\\conf\\httpd.conf'
[Thu Jan 20 16:29:54.559435 2022] [mpm_winnt:notice] [pid 15944:tid 480] AH00418: Parent: Created child process 16348
[Thu Jan 20 16:29:55.235453 2022] [ssl:warn] [pid 16348:tid 668] AH01906: main-serveur:443:0 server certificate is a CA certificate (BasicConstraints: CA == TRUE !?)
[Thu Jan 20 16:29:55.236435 2022] [ssl:warn] [pid 16348:tid 668] AH01909: main-serveur:443:0 server certificate does NOT include an ID which matches the server name
[Thu Jan 20 16:29:55.335434 2022] [ssl:warn] [pid 16348:tid 668] AH01873: Init: Session Cache is not configured [hint: SSLSessionCache]
[Thu Jan 20 16:29:55.336433 2022] [ssl:warn] [pid 16348:tid 668] AH01906: main-serveur:443:0 server certificate is a CA certificate (BasicConstraints: CA == TRUE !?)
[Thu Jan 20 16:29:55.336433 2022] [ssl:warn] [pid 16348:tid 668] AH01909: main-serveur:443:0 server certificate does NOT include an ID which matches the server name
PHP Warning:  PHP Startup: Unable to load dynamic library 'curl' (tried: C:/Users/Nath/Desktop/Repos/Project-9927/frontend/bin/php/php-7.2.7/ext\\curl (The specified module could not be found.), C:/Users/Nath/Desktop/Repos/Project-9927/frontend/bin/php/php-7.2.7/ext\\php_curl.dll (The specified procedure could not be found.)) in Unknown on line 0
[Thu Jan 20 16:29:55.350435 2022] [mpm_winnt:notice] [pid 16348:tid 668] AH00354: Child: Starting 64 worker threads.
[Thu Jan 20 16:30:40.061461 2022] [php7:notice] [pid 16348:tid 1208] [client ::1:52259] WordPress database error Unknown column '9927_' in 'field list' for query SELECT 9927_, referer: http://localhost/wp-admin/setup-config.php?step=1&language=en_GB
[Thu Jan 20 16:32:19.529626 2022] [mpm_winnt:crit] [pid 16348:tid 668] AH02538: Child: Parent process exited abruptly. Child process is ending
[Thu Jan 20 16:33:13.293477 2022] [ssl:warn] [pid 9680:tid 640] AH01906: main-serveur:443:0 server certificate is a CA certificate (BasicConstraints: CA == TRUE !?)
[Thu Jan 20 16:33:13.294478 2022] [ssl:warn] [pid 9680:tid 640] AH01909: main-serveur:443:0 server certificate does NOT include an ID which matches the server name
[Thu Jan 20 16:33:13.324478 2022] [core:warn] [pid 9680:tid 640] AH00098: pid file C:/Users/Nath/Desktop/Repos/Project-9927/frontend/bin/apache/logs/httpd.pid overwritten -- Unclean shutdown of previous Apache run?
[Thu Jan 20 16:33:13.402478 2022] [ssl:warn] [pid 9680:tid 640] AH01873: Init: Session Cache is not configured [hint: SSLSessionCache]
[Thu Jan 20 16:33:13.403478 2022] [ssl:warn] [pid 9680:tid 640] AH01906: main-serveur:443:0 server certificate is a CA certificate (BasicConstraints: CA == TRUE !?)
[Thu Jan 20 16:33:13.403478 2022] [ssl:warn] [pid 9680:tid 640] AH01909: main-serveur:443:0 server certificate does NOT include an ID which matches the server name
PHP Warning:  PHP Startup: Unable to load dynamic library 'curl' (tried: C:/Users/Nath/Desktop/Repos/Project-9927/frontend/bin/php/php-7.2.7/ext\\curl (The specified module could not be found.), C:/Users/Nath/Desktop/Repos/Project-9927/frontend/bin/php/php-7.2.7/ext\\php_curl.dll (The specified procedure could not be found.)) in Unknown on line 0
[Thu Jan 20 16:33:13.417479 2022] [mpm_winnt:notice] [pid 9680:tid 640] AH00455: Apache/2.4.18 (Win32) OpenSSL/1.0.2f PHP/7.2.7 configured -- resuming normal operations
[Thu Jan 20 16:33:13.417479 2022] [mpm_winnt:notice] [pid 9680:tid 640] AH00456: Server built: Jan 28 2016 09:58:25
[Thu Jan 20 16:33:13.417479 2022] [core:notice] [pid 9680:tid 640] AH00094: Command line: 'C:\\Users\\Nath\\Desktop\\Repos\\Project-9927\\frontend\\bin\\apache\\bin\\httpd.exe -d C:/Users/Nath/Desktop/Repos/Project-9927/frontend/bin/apache -f C:\\Users\\Nath\\Desktop\\Repos\\Project-9927\\frontend\\bin\\apache\\conf\\httpd.conf'
[Thu Jan 20 16:33:13.422478 2022] [mpm_winnt:notice] [pid 9680:tid 640] AH00418: Parent: Created child process 11856
[Thu Jan 20 16:33:14.039478 2022] [ssl:warn] [pid 11856:tid 624] AH01906: main-serveur:443:0 server certificate is a CA certificate (BasicConstraints: CA == TRUE !?)
[Thu Jan 20 16:33:14.039478 2022] [ssl:warn] [pid 11856:tid 624] AH01909: main-serveur:443:0 server certificate does NOT include an ID which matches the server name
[Thu Jan 20 16:33:14.128478 2022] [ssl:warn] [pid 11856:tid 624] AH01873: Init: Session Cache is not configured [hint: SSLSessionCache]
[Thu Jan 20 16:33:14.129479 2022] [ssl:warn] [pid 11856:tid 624] AH01906: main-serveur:443:0 server certificate is a CA certificate (BasicConstraints: CA == TRUE !?)
[Thu Jan 20 16:33:14.129479 2022] [ssl:warn] [pid 11856:tid 624] AH01909: main-serveur:443:0 server certificate does NOT include an ID which matches the server name
PHP Warning:  PHP Startup: Unable to load dynamic library 'curl' (tried: C:/Users/Nath/Desktop/Repos/Project-9927/frontend/bin/php/php-7.2.7/ext\\curl (The specified module could not be found.), C:/Users/Nath/Desktop/Repos/Project-9927/frontend/bin/php/php-7.2.7/ext\\php_curl.dll (The specified procedure could not be found.)) in Unknown on line 0
[Thu Jan 20 16:33:14.143479 2022] [mpm_winnt:notice] [pid 11856:tid 624] AH00354: Child: Starting 64 worker threads.
[Thu Jan 20 16:34:45.249081 2022] [mpm_winnt:crit] [pid 11856:tid 624] AH02538: Child: Parent process exited abruptly. Child process is ending
[Thu Jan 20 16:34:52.918887 2022] [ssl:warn] [pid 5068:tid 584] AH01906: main-serveur:443:0 server certificate is a CA certificate (BasicConstraints: CA == TRUE !?)
[Thu Jan 20 16:34:52.918887 2022] [ssl:warn] [pid 5068:tid 584] AH01909: main-serveur:443:0 server certificate does NOT include an ID which matches the server name
[Thu Jan 20 16:34:52.948887 2022] [core:warn] [pid 5068:tid 584] AH00098: pid file C:/Users/Nath/Desktop/Repos/Project-9927/frontend/bin/apache/logs/httpd.pid overwritten -- Unclean shutdown of previous Apache run?
[Thu Jan 20 16:34:53.008884 2022] [ssl:warn] [pid 5068:tid 584] AH01873: Init: Session Cache is not configured [hint: SSLSessionCache]
[Thu Jan 20 16:34:53.008884 2022] [ssl:warn] [pid 5068:tid 584] AH01906: main-serveur:443:0 server certificate is a CA certificate (BasicConstraints: CA == TRUE !?)
[Thu Jan 20 16:34:53.008884 2022] [ssl:warn] [pid 5068:tid 584] AH01909: main-serveur:443:0 server certificate does NOT include an ID which matches the server name
PHP Warning:  PHP Startup: Unable to load dynamic library 'curl' (tried: C:/Users/Nath/Desktop/Repos/Project-9927/frontend/bin/php/php-7.2.7/ext\\curl (The specified module could not be found.), C:/Users/Nath/Desktop/Repos/Project-9927/frontend/bin/php/php-7.2.7/ext\\php_curl.dll (The specified procedure could not be found.)) in Unknown on line 0
[Thu Jan 20 16:34:53.022884 2022] [mpm_winnt:notice] [pid 5068:tid 584] AH00455: Apache/2.4.18 (Win32) OpenSSL/1.0.2f PHP/7.2.7 configured -- resuming normal operations
[Thu Jan 20 16:34:53.022884 2022] [mpm_winnt:notice] [pid 5068:tid 584] AH00456: Server built: Jan 28 2016 09:58:25
[Thu Jan 20 16:34:53.022884 2022] [core:notice] [pid 5068:tid 584] AH00094: Command line: 'C:\\Users\\Nath\\Desktop\\Repos\\Project-9927\\frontend\\bin\\apache\\bin\\httpd.exe -d C:/Users/Nath/Desktop/Repos/Project-9927/frontend/bin/apache -f C:\\Users\\Nath\\Desktop\\Repos\\Project-9927\\frontend\\bin\\apache\\conf\\httpd.conf'
[Thu Jan 20 16:34:53.027883 2022] [mpm_winnt:notice] [pid 5068:tid 584] AH00418: Parent: Created child process 13832
[Thu Jan 20 16:34:53.645883 2022] [ssl:warn] [pid 13832:tid 624] AH01906: main-serveur:443:0 server certificate is a CA certificate (BasicConstraints: CA == TRUE !?)
[Thu Jan 20 16:34:53.645883 2022] [ssl:warn] [pid 13832:tid 624] AH01909: main-serveur:443:0 server certificate does NOT include an ID which matches the server name
[Thu Jan 20 16:34:53.720883 2022] [ssl:warn] [pid 13832:tid 624] AH01873: Init: Session Cache is not configured [hint: SSLSessionCache]
[Thu Jan 20 16:34:53.721903 2022] [ssl:warn] [pid 13832:tid 624] AH01906: main-serveur:443:0 server certificate is a CA certificate (BasicConstraints: CA == TRUE !?)
[Thu Jan 20 16:34:53.721903 2022] [ssl:warn] [pid 13832:tid 624] AH01909: main-serveur:443:0 server certificate does NOT include an ID which matches the server name
PHP Warning:  PHP Startup: Unable to load dynamic library 'curl' (tried: C:/Users/Nath/Desktop/Repos/Project-9927/frontend/bin/php/php-7.2.7/ext\\curl (The specified module could not be found.), C:/Users/Nath/Desktop/Repos/Project-9927/frontend/bin/php/php-7.2.7/ext\\php_curl.dll (The specified procedure could not be found.)) in Unknown on line 0
[Thu Jan 20 16:34:53.735903 2022] [mpm_winnt:notice] [pid 13832:tid 624] AH00354: Child: Starting 64 worker threads.
[Thu Jan 20 16:35:09.933851 2022] [mpm_winnt:crit] [pid 13832:tid 624] AH02538: Child: Parent process exited abruptly. Child process is ending
[Thu Jan 20 16:36:41.934691 2022] [ssl:warn] [pid 14616:tid 624] AH01906: main-serveur:443:0 server certificate is a CA certificate (BasicConstraints: CA == TRUE !?)
[Thu Jan 20 16:36:41.934691 2022] [ssl:warn] [pid 14616:tid 624] AH01909: main-serveur:443:0 server certificate does NOT include an ID which matches the server name
[Thu Jan 20 16:36:41.960672 2022] [core:warn] [pid 14616:tid 624] AH00098: pid file C:/Users/Nath/Desktop/Repos/Project-9927/frontend/bin/apache/logs/httpd.pid overwritten -- Unclean shutdown of previous Apache run?
[Thu Jan 20 16:36:42.010671 2022] [ssl:warn] [pid 14616:tid 624] AH01873: Init: Session Cache is not configured [hint: SSLSessionCache]
[Thu Jan 20 16:36:42.010671 2022] [ssl:warn] [pid 14616:tid 624] AH01906: main-serveur:443:0 server certificate is a CA certificate (BasicConstraints: CA == TRUE !?)
[Thu Jan 20 16:36:42.010671 2022] [ssl:warn] [pid 14616:tid 624] AH01909: main-serveur:443:0 server certificate does NOT include an ID which matches the server name
PHP Warning:  PHP Startup: Unable to load dynamic library 'curl' (tried: C:/Users/Nath/Desktop/Repos/Project-9927/frontend/bin/php/php-7.2.7/ext\\curl (The specified module could not be found.), C:/Users/Nath/Desktop/Repos/Project-9927/frontend/bin/php/php-7.2.7/ext\\php_curl.dll (The specified procedure could not be found.)) in Unknown on line 0
[Thu Jan 20 16:36:42.028672 2022] [mpm_winnt:notice] [pid 14616:tid 624] AH00455: Apache/2.4.18 (Win32) OpenSSL/1.0.2f PHP/7.2.7 configured -- resuming normal operations
[Thu Jan 20 16:36:42.028672 2022] [mpm_winnt:notice] [pid 14616:tid 624] AH00456: Server built: Jan 28 2016 09:58:25
[Thu Jan 20 16:36:42.028672 2022] [core:notice] [pid 14616:tid 624] AH00094: Command line: 'C:\\Users\\Nath\\Desktop\\Repos\\Project-9927\\frontend\\bin\\apache\\bin\\httpd.exe -d C:/Users/Nath/Desktop/Repos/Project-9927/frontend/bin/apache -f C:\\Users\\Nath\\Desktop\\Repos\\Project-9927\\frontend\\bin\\apache\\conf\\httpd.conf'
[Thu Jan 20 16:36:42.033671 2022] [mpm_winnt:notice] [pid 14616:tid 624] AH00418: Parent: Created child process 4280
[Thu Jan 20 16:36:42.586672 2022] [ssl:warn] [pid 4280:tid 588] AH01906: main-serveur:443:0 server certificate is a CA certificate (BasicConstraints: CA == TRUE !?)
[Thu Jan 20 16:36:42.586672 2022] [ssl:warn] [pid 4280:tid 588] AH01909: main-serveur:443:0 server certificate does NOT include an ID which matches the server name
[Thu Jan 20 16:36:42.663671 2022] [ssl:warn] [pid 4280:tid 588] AH01873: Init: Session Cache is not configured [hint: SSLSessionCache]
[Thu Jan 20 16:36:42.663671 2022] [ssl:warn] [pid 4280:tid 588] AH01906: main-serveur:443:0 server certificate is a CA certificate (BasicConstraints: CA == TRUE !?)
[Thu Jan 20 16:36:42.663671 2022] [ssl:warn] [pid 4280:tid 588] AH01909: main-serveur:443:0 server certificate does NOT include an ID which matches the server name
PHP Warning:  PHP Startup: Unable to load dynamic library 'curl' (tried: C:/Users/Nath/Desktop/Repos/Project-9927/frontend/bin/php/php-7.2.7/ext\\curl (The specified module could not be found.), C:/Users/Nath/Desktop/Repos/Project-9927/frontend/bin/php/php-7.2.7/ext\\php_curl.dll (The specified procedure could not be found.)) in Unknown on line 0
[Thu Jan 20 16:36:42.677672 2022] [mpm_winnt:notice] [pid 4280:tid 588] AH00354: Child: Starting 64 worker threads.
[Thu Jan 20 16:37:33.643742 2022] [mpm_winnt:crit] [pid 4280:tid 588] AH02538: Child: Parent process exited abruptly. Child process is ending
[Thu Jan 20 16:42:01.626035 2022] [ssl:warn] [pid 9108:tid 660] AH01906: main-serveur:443:0 server certificate is a CA certificate (BasicConstraints: CA == TRUE !?)
[Thu Jan 20 16:42:01.627035 2022] [ssl:warn] [pid 9108:tid 660] AH01909: main-serveur:443:0 server certificate does NOT include an ID which matches the server name
[Thu Jan 20 16:42:01.657045 2022] [core:warn] [pid 9108:tid 660] AH00098: pid file C:/Users/Nath/Desktop/Repos/Project-9927/frontend/bin/apache/logs/httpd.pid overwritten -- Unclean shutdown of previous Apache run?
[Thu Jan 20 16:42:01.714054 2022] [ssl:warn] [pid 9108:tid 660] AH01873: Init: Session Cache is not configured [hint: SSLSessionCache]
[Thu Jan 20 16:42:01.714054 2022] [ssl:warn] [pid 9108:tid 660] AH01906: main-serveur:443:0 server certificate is a CA certificate (BasicConstraints: CA == TRUE !?)
[Thu Jan 20 16:42:01.714054 2022] [ssl:warn] [pid 9108:tid 660] AH01909: main-serveur:443:0 server certificate does NOT include an ID which matches the server name
PHP Warning:  PHP Startup: Unable to load dynamic library 'curl' (tried: C:/Users/Nath/Desktop/Repos/Project-9927/frontend/bin/php/php-7.2.7/ext\\curl (The specified module could not be found.), C:/Users/Nath/Desktop/Repos/Project-9927/frontend/bin/php/php-7.2.7/ext\\php_curl.dll (The specified procedure could not be found.)) in Unknown on line 0
[Thu Jan 20 16:42:01.891055 2022] [mpm_winnt:notice] [pid 9108:tid 660] AH00455: Apache/2.4.18 (Win32) OpenSSL/1.0.2f PHP/7.2.7 configured -- resuming normal operations
[Thu Jan 20 16:42:01.891055 2022] [mpm_winnt:notice] [pid 9108:tid 660] AH00456: Server built: Jan 28 2016 09:58:25
[Thu Jan 20 16:42:01.891055 2022] [core:notice] [pid 9108:tid 660] AH00094: Command line: 'C:\\Users\\Nath\\Desktop\\Repos\\Project-9927\\frontend\\bin\\apache\\bin\\httpd.exe -d C:/Users/Nath/Desktop/Repos/Project-9927/frontend/bin/apache -f C:\\Users\\Nath\\Desktop\\Repos\\Project-9927\\frontend\\bin\\apache\\conf\\httpd.conf'
[Thu Jan 20 16:42:01.896055 2022] [mpm_winnt:notice] [pid 9108:tid 660] AH00418: Parent: Created child process 10964
[Thu Jan 20 16:42:02.435828 2022] [ssl:warn] [pid 10964:tid 612] AH01906: main-serveur:443:0 server certificate is a CA certificate (BasicConstraints: CA == TRUE !?)
[Thu Jan 20 16:42:02.435828 2022] [ssl:warn] [pid 10964:tid 612] AH01909: main-serveur:443:0 server certificate does NOT include an ID which matches the server name
[Thu Jan 20 16:42:02.514827 2022] [ssl:warn] [pid 10964:tid 612] AH01873: Init: Session Cache is not configured [hint: SSLSessionCache]
[Thu Jan 20 16:42:02.515828 2022] [ssl:warn] [pid 10964:tid 612] AH01906: main-serveur:443:0 server certificate is a CA certificate (BasicConstraints: CA == TRUE !?)
[Thu Jan 20 16:42:02.515828 2022] [ssl:warn] [pid 10964:tid 612] AH01909: main-serveur:443:0 server certificate does NOT include an ID which matches the server name
PHP Warning:  PHP Startup: Unable to load dynamic library 'curl' (tried: C:/Users/Nath/Desktop/Repos/Project-9927/frontend/bin/php/php-7.2.7/ext\\curl (The specified module could not be found.), C:/Users/Nath/Desktop/Repos/Project-9927/frontend/bin/php/php-7.2.7/ext\\php_curl.dll (The specified procedure could not be found.)) in Unknown on line 0
[Thu Jan 20 16:42:02.531828 2022] [mpm_winnt:notice] [pid 10964:tid 612] AH00354: Child: Starting 64 worker threads.
[Thu Jan 20 16:42:04.299184 2022] [mpm_winnt:crit] [pid 10964:tid 612] AH02538: Child: Parent process exited abruptly. Child process is ending
[Thu Jan 20 16:42:04.299184 2022] [mpm_winnt:warn] [pid 10964:tid 600] (OS 995)The I/O operation has been aborted because of either a thread exit or an application request.  : AH00341: winnt_accept: Asynchronous AcceptEx failed.
[Thu Jan 20 16:42:04.299184 2022] [mpm_winnt:warn] [pid 10964:tid 792] (OS 995)The I/O operation has been aborted because of either a thread exit or an application request.  : AH00341: winnt_accept: Asynchronous AcceptEx failed.
[Thu Jan 20 16:42:04.299184 2022] [mpm_winnt:warn] [pid 10964:tid 584] (OS 995)The I/O operation has been aborted because of either a thread exit or an application request.  : AH00341: winnt_accept: Asynchronous AcceptEx failed.
[Thu Jan 20 16:42:04.299184 2022] [mpm_winnt:warn] [pid 10964:tid 776] (OS 995)The I/O operation has been aborted because of either a thread exit or an application request.  : AH00341: winnt_accept: Asynchronous AcceptEx failed.
[Thu Jan 20 16:42:05.902435 2022] [ssl:warn] [pid 6800:tid 624] AH01906: main-serveur:443:0 server certificate is a CA certificate (BasicConstraints: CA == TRUE !?)
[Thu Jan 20 16:42:05.903434 2022] [ssl:warn] [pid 6800:tid 624] AH01909: main-serveur:443:0 server certificate does NOT include an ID which matches the server name
[Thu Jan 20 16:42:05.927792 2022] [core:warn] [pid 6800:tid 624] AH00098: pid file C:/Users/Nath/Desktop/Repos/Project-9927/frontend/bin/apache/logs/httpd.pid overwritten -- Unclean shutdown of previous Apache run?
[Thu Jan 20 16:42:05.981013 2022] [ssl:warn] [pid 6800:tid 624] AH01873: Init: Session Cache is not configured [hint: SSLSessionCache]
[Thu Jan 20 16:42:05.981013 2022] [ssl:warn] [pid 6800:tid 624] AH01906: main-serveur:443:0 server certificate is a CA certificate (BasicConstraints: CA == TRUE !?)
[Thu Jan 20 16:42:05.981013 2022] [ssl:warn] [pid 6800:tid 624] AH01909: main-serveur:443:0 server certificate does NOT include an ID which matches the server name
PHP Warning:  PHP Startup: Unable to load dynamic library 'curl' (tried: C:/Users/Nath/Desktop/Repos/Project-9927/frontend/bin/php/php-7.2.7/ext\\curl (The specified module could not be found.), C:/Users/Nath/Desktop/Repos/Project-9927/frontend/bin/php/php-7.2.7/ext\\php_curl.dll (The specified procedure could not be found.)) in Unknown on line 0
[Thu Jan 20 16:42:05.992999 2022] [mpm_winnt:notice] [pid 6800:tid 624] AH00455: Apache/2.4.18 (Win32) OpenSSL/1.0.2f PHP/7.2.7 configured -- resuming normal operations
[Thu Jan 20 16:42:05.992999 2022] [mpm_winnt:notice] [pid 6800:tid 624] AH00456: Server built: Jan 28 2016 09:58:25
[Thu Jan 20 16:42:05.992999 2022] [core:notice] [pid 6800:tid 624] AH00094: Command line: 'C:\\Users\\Nath\\Desktop\\Repos\\Project-9927\\frontend\\bin\\apache\\bin\\httpd.exe -d C:/Users/Nath/Desktop/Repos/Project-9927/frontend/bin/apache -f C:\\Users\\Nath\\Desktop\\Repos\\Project-9927\\frontend\\bin\\apache\\conf\\httpd.conf'
[Thu Jan 20 16:42:05.998756 2022] [mpm_winnt:notice] [pid 6800:tid 624] AH00418: Parent: Created child process 10256
[Thu Jan 20 16:42:06.519662 2022] [ssl:warn] [pid 10256:tid 624] AH01906: main-serveur:443:0 server certificate is a CA certificate (BasicConstraints: CA == TRUE !?)
[Thu Jan 20 16:42:06.520636 2022] [ssl:warn] [pid 10256:tid 624] AH01909: main-serveur:443:0 server certificate does NOT include an ID which matches the server name
[Thu Jan 20 16:42:06.595856 2022] [ssl:warn] [pid 10256:tid 624] AH01873: Init: Session Cache is not configured [hint: SSLSessionCache]
[Thu Jan 20 16:42:06.595856 2022] [ssl:warn] [pid 10256:tid 624] AH01906: main-serveur:443:0 server certificate is a CA certificate (BasicConstraints: CA == TRUE !?)
[Thu Jan 20 16:42:06.595856 2022] [ssl:warn] [pid 10256:tid 624] AH01909: main-serveur:443:0 server certificate does NOT include an ID which matches the server name
PHP Warning:  PHP Startup: Unable to load dynamic library 'curl' (tried: C:/Users/Nath/Desktop/Repos/Project-9927/frontend/bin/php/php-7.2.7/ext\\curl (The specified module could not be found.), C:/Users/Nath/Desktop/Repos/Project-9927/frontend/bin/php/php-7.2.7/ext\\php_curl.dll (The specified procedure could not be found.)) in Unknown on line 0
[Thu Jan 20 16:42:06.609858 2022] [mpm_winnt:notice] [pid 10256:tid 624] AH00354: Child: Starting 64 worker threads.
[Thu Jan 20 16:42:20.322674 2022] [mpm_winnt:crit] [pid 10256:tid 624] AH02538: Child: Parent process exited abruptly. Child process is ending
